python version 2.7 (r27:82525, Jul  4 2010, 07:43:08) [MSC v.1500 64 bit (AMD64)]
server folder D:/ue/App/Script/AssetsManagement
deleting existing template folder D:/ue/App/Script/AssetsManagement/Template
unziping archive D:/ue/App/Script/AssetsManagement/Template.zip to folder D:/ue/App/Script/AssetsManagement
try starting up on ('localhost', 10000) port 10000 
starting up on ('localhost', 10000) port 10000 
waiting for a connection 
connection from ('127.0.0.1', 58653)
received "SEND_JOB_TO_SERVER|{"assetLibrary":"d:/ue/AssetLibrary","assetID":"test_asset","preparedPakFolder":"d:/temp","contentFolderInGame":"/Game/test_asset"}"
SEND_JOB_TO_SERVER|{"assetLibrary":"d:/ue/AssetLibrary","assetID":"test_asset","preparedPakFolder":"d:/temp","contentFolderInGame":"/Game/test_asset"}received new job 
Cooking assets
D:/Program Files/Epic Games/UE_4.26/Engine/Binaries/Win64/UE4Editor-Cmd.exe D:/ue/App/Script/AssetsManagement/Template/Template.uproject -run=cook -targetplatform=WindowsNoEditor -cookall -skipeditorcontent
[2021.05.14-18.42.12:784][  0]LogTargetPlatformManager: Display: Loaded TargetPlatform 'AllDesktop'
[2021.05.14-18.42.12:802][  0]LogTargetPlatformManager: Display: Loaded TargetPlatform 'Android'
[2021.05.14-18.42.12:802][  0]LogTargetPlatformManager: Display: Loaded TargetPlatform 'Android_ASTC'
[2021.05.14-18.42.12:802][  0]LogTargetPlatformManager: Display: Loaded TargetPlatform 'Android_DXT'
[2021.05.14-18.42.12:802][  0]LogTargetPlatformManager: Display: Loaded TargetPlatform 'Android_ETC2'
[2021.05.14-18.42.12:802][  0]LogTargetPlatformManager: Display: Loaded TargetPlatform 'AndroidClient'
[2021.05.14-18.42.12:802][  0]LogTargetPlatformManager: Display: Loaded TargetPlatform 'Android_ASTCClient'
[2021.05.14-18.42.12:802][  0]LogTargetPlatformManager: Display: Loaded TargetPlatform 'Android_DXTClient'
[2021.05.14-18.42.12:802][  0]LogTargetPlatformManager: Display: Loaded TargetPlatform 'Android_ETC2Client'
[2021.05.14-18.42.12:802][  0]LogTargetPlatformManager: Display: Loaded TargetPlatform 'Android_Multi'
[2021.05.14-18.42.12:802][  0]LogTargetPlatformManager: Display: Loaded TargetPlatform 'Android_MultiClient'
[2021.05.14-18.42.12:822][  0]LogTargetPlatformManager: Display: Loaded TargetPlatform 'IOSClient'
[2021.05.14-18.42.12:822][  0]LogTargetPlatformManager: Display: Loaded TargetPlatform 'IOS'
[2021.05.14-18.42.12:832][  0]LogTargetPlatformManager: Display: Loaded TargetPlatform 'Linux'
[2021.05.14-18.42.12:842][  0]LogTargetPlatformManager: Display: Loaded TargetPlatform 'LinuxNoEditor'
[2021.05.14-18.42.12:850][  0]LogTargetPlatformManager: Display: Loaded TargetPlatform 'LinuxClient'
[2021.05.14-18.42.12:858][  0]LogTargetPlatformManager: Display: Loaded TargetPlatform 'LinuxServer'
[2021.05.14-18.42.12:867][  0]LogTargetPlatformManager: Display: Loaded TargetPlatform 'LinuxAArch64NoEditor'
[2021.05.14-18.42.12:875][  0]LogTargetPlatformManager: Display: Loaded TargetPlatform 'LinuxAArch64Client'
[2021.05.14-18.42.12:884][  0]LogTargetPlatformManager: Display: Loaded TargetPlatform 'LinuxAArch64Server'
[2021.05.14-18.42.12:908][  0]LogTargetPlatformManager: Display: Loaded TargetPlatform 'Lumin'
[2021.05.14-18.42.12:908][  0]LogTargetPlatformManager: Display: Loaded TargetPlatform 'LuminClient'
[2021.05.14-18.42.12:915][  0]LogTargetPlatformManager: Display: Loaded TargetPlatform 'MacNoEditor'
[2021.05.14-18.42.12:925][  0]LogTargetPlatformManager: Display: Loaded TargetPlatform 'Mac'
[2021.05.14-18.42.12:933][  0]LogTargetPlatformManager: Display: Loaded TargetPlatform 'MacClient'
[2021.05.14-18.42.12:940][  0]LogTargetPlatformManager: Display: Loaded TargetPlatform 'MacServer'
[2021.05.14-18.42.12:955][  0]LogTargetPlatformManager: Display: Loaded TargetPlatform 'TVOSClient'
[2021.05.14-18.42.12:955][  0]LogTargetPlatformManager: Display: Loaded TargetPlatform 'TVOS'
[2021.05.14-18.42.12:963][  0]LogTargetPlatformManager: Display: Loaded TargetPlatform 'WindowsNoEditor'
[2021.05.14-18.42.12:971][  0]LogTargetPlatformManager: Display: Loaded TargetPlatform 'Windows'
[2021.05.14-18.42.12:979][  0]LogTargetPlatformManager: Display: Loaded TargetPlatform 'WindowsClient'
[2021.05.14-18.42.12:987][  0]LogTargetPlatformManager: Display: Loaded TargetPlatform 'WindowsServer'
[2021.05.14-18.42.12:987][  0]LogTargetPlatformManager: Display: Building Assets For WindowsNoEditor
[2021.05.14-18.42.12:993][  0]LogAudioDebug: Display: Lib vorbis DLL was dynamically loaded.
[2021.05.14-18.42.13:374][  0]LogShaderCompilers: Display: Using Local Shader Compiler.
[2021.05.14-18.42.13:869][  0]LogDerivedDataCache: Display: Max Cache Size: 512 MB
[2021.05.14-18.42.13:951][  0]LogDerivedDataCache: Display: Loaded Boot cache: C:/Users/Ivan/AppData/Local/UnrealEngine/4.26/DerivedDataCache/Boot.ddc
[2021.05.14-18.42.13:965][  0]LogDerivedDataCache: Display: Pak cache opened for reading ../../../Engine/DerivedDataCache/Compressed.ddp.
[2021.05.14-18.42.13:973][  0]LogDerivedDataCache: Display: Performance to C:/Users/Ivan/AppData/Local/UnrealEngine/Common/DerivedDataCache: Latency=0.03ms. RandomReadSpeed=228.14MBs, RandomWriteSpeed=193.24MBs. Assigned SpeedClass 'Local'
[2021.05.14-18.42.18:111][  0]LogAudioCaptureCore: Display: No Audio Capture implementations found. Audio input will be silent.
[2021.05.14-18.42.18:111][  0]LogAudioCaptureCore: Display: No Audio Capture implementations found. Audio input will be silent.
[2021.05.14-18.42.18:848][  0]LogCook: Display: CookSettings for Memory: MemoryMaxUsedVirtual 0MiB, MemoryMaxUsedPhysical 16384MiB, MemoryMinFreeVirtual 0MiB, MemoryMinFreePhysical 1024MiB
[2021.05.14-18.42.18:848][  0]LogCook: Display: Mobile HDR setting 1
[2021.05.14-18.42.18:849][  0]LogCook: Display: Creating asset registry
[2021.05.14-18.42.19:952][  0]LogCook: Display: Discovering localized assets for cultures: en
[2021.05.14-18.42.19:954][  0]LogCook: Display: Unable to read previous cook inisettings for platform WindowsNoEditor invalidating cook
[2021.05.14-18.42.19:955][  0]LogCook: Display: Clearing all cooked content for platform WindowsNoEditor
[2021.05.14-18.42.19:976][  0]LogCook: Display: Sandbox cleanup took 0.022 seconds for platforms WindowsNoEditor
[2021.05.14-18.42.21:886][  0]LogCook: Warning: Unable to find package for cooking /Game/Import/AutomatedImport
[2021.05.14-18.42.21:887][  0]LogCook: Display: Cooked packages 0 Packages Remain 57 Total 57
[2021.05.14-18.42.21:887][  0]LogCook: Display: Cook Diagnostics: OpenFileHandles=209, VirtualMemory=625MiB
[2021.05.14-18.42.23:223][  0]LogCook: Display: Cooked packages 244 Packages Remain 10 Total 254
[2021.05.14-18.42.23:660][  0]LogUObjectGlobals: Warning: [AssetLog] D:\ue\App\Script\AssetsManagement\Template\Content\Game\Hotloadimport\material\parent\M_Schawk.uasset: Failed to load '/Game/texture/T_Color_fruzinga': Can't find file.
[2021.05.14-18.42.23:661][  0]LogUObjectGlobals: Warning: [AssetLog] D:\ue\App\Script\AssetsManagement\Template\Content\Game\Hotloadimport\material\parent\M_Schawk.uasset: Failed to load '/Game/texture/T_Color_fruzinga': Can't find file.
[2021.05.14-18.42.23:661][  0]LogUObjectGlobals: Warning: [AssetLog] D:\ue\App\Script\AssetsManagement\Template\Content\Game\Hotloadimport\material\parent\M_Schawk.uasset: Failed to load '/Game/texture/T_Color_fruzinga': Can't find file.
[2021.05.14-18.42.23:663][  0]LogUObjectGlobals: Warning: [AssetLog] D:\ue\App\Script\AssetsManagement\Template\Content\Game\Hotloadimport\material\parent\M_Schawk.uasset: Failed to load '/Game/texture/T_Color_fruzinga': Can't find file.
[2021.05.14-18.42.23:663][  0]LogUObjectGlobals: Warning: [AssetLog] D:\ue\App\Script\AssetsManagement\Template\Content\Game\Hotloadimport\material\parent\M_Schawk.uasset: Failed to load '/Game/texture/T_Color_fruzinga': Can't find file.
[2021.05.14-18.42.23:664][  0]LogUObjectGlobals: Warning: [AssetLog] D:\ue\App\Script\AssetsManagement\Template\Content\Game\Hotloadimport\material\parent\M_Schawk.uasset: Failed to load '/Game/texture/T_Color_fruzinga': Can't find file.
[2021.05.14-18.42.23:665][  0]LogUObjectGlobals: Warning: [AssetLog] D:\ue\App\Script\AssetsManagement\Template\Content\Game\Hotloadimport\material\parent\M_PLastic.uasset: Failed to load '/Game/texture/T_Color_fruzinga': Can't find file.
[2021.05.14-18.42.23:665][  0]LogUObjectGlobals: Warning: [AssetLog] D:\ue\App\Script\AssetsManagement\Template\Content\Game\Hotloadimport\material\parent\M_PLastic.uasset: Failed to load '/Game/texture/T_Color_fruzinga': Can't find file.
[2021.05.14-18.42.23:666][  0]LogUObjectGlobals: Warning: [AssetLog] D:\ue\App\Script\AssetsManagement\Template\Content\Game\Hotloadimport\material\parent\M_PLastic.uasset: Failed to load '/Game/texture/T_Color_fruzinga': Can't find file.
[2021.05.14-18.42.23:667][  0]LogUObjectGlobals: Warning: [AssetLog] D:\ue\App\Script\AssetsManagement\Template\Content\Game\Hotloadimport\material\parent\M_PLastic.uasset: Failed to load '/Game/texture/T_Color_fruzinga': Can't find file.
[2021.05.14-18.42.23:668][  0]LogUObjectGlobals: Warning: [AssetLog] D:\ue\App\Script\AssetsManagement\Template\Content\Game\Hotloadimport\material\parent\M_PLastic.uasset: Failed to load '/Game/texture/T_Color_fruzinga': Can't find file.
[2021.05.14-18.42.23:668][  0]LogUObjectGlobals: Warning: [AssetLog] D:\ue\App\Script\AssetsManagement\Template\Content\Game\Hotloadimport\material\parent\M_Folga.uasset: Failed to load '/Game/texture/T_Color_Totinos': Can't find file.
[2021.05.14-18.42.23:669][  0]LogUObjectGlobals: Warning: [AssetLog] D:\ue\App\Script\AssetsManagement\Template\Content\Game\Hotloadimport\material\parent\M_Folga.uasset: Failed to load '/Game/texture/T_Color_Totinos': Can't find file.
[2021.05.14-18.42.23:670][  0]LogUObjectGlobals: Warning: [AssetLog] D:\ue\App\Script\AssetsManagement\Template\Content\Game\Hotloadimport\material\parent\M_Folga.uasset: Failed to load '/Game/texture/T_Color_Totinos': Can't find file.
[2021.05.14-18.42.23:670][  0]LogUObjectGlobals: Warning: [AssetLog] D:\ue\App\Script\AssetsManagement\Template\Content\Game\Hotloadimport\material\parent\M_Folga.uasset: Failed to load '/Game/texture/T_Color_Totinos': Can't find file.
[2021.05.14-18.42.23:671][  0]LogUObjectGlobals: Warning: [AssetLog] D:\ue\App\Script\AssetsManagement\Template\Content\Game\Hotloadimport\material\parent\M_Folga.uasset: Failed to load '/Game/texture/T_Color_Totinos': Can't find file.
[2021.05.14-18.42.23:672][  0]LogUObjectGlobals: Warning: [AssetLog] D:\ue\App\Script\AssetsManagement\Template\Content\Game\Hotloadimport\material\parent\M_Folga.uasset: Failed to load '/Game/texture/T_Color_Totinos': Can't find file.
[2021.05.14-18.42.23:673][  0]LogUObjectGlobals: Warning: [AssetLog] D:\ue\App\Script\AssetsManagement\Template\Content\Game\Hotloadimport\material\M_Totinos.uasset: Failed to load '/Game/material/parent/M_Folga': Can't find file.
[2021.05.14-18.42.23:674][  0]LogUObjectGlobals: Warning: [AssetLog] D:\ue\App\Script\AssetsManagement\Template\Content\Game\Hotloadimport\material\M_Totinos.uasset: Failed to load '/Game/material/parent/M_Folga': Can't find file.
[2021.05.14-18.42.23:674][  0]LogUObjectGlobals: Warning: [AssetLog] D:\ue\App\Script\AssetsManagement\Template\Content\Game\Hotloadimport\material\M_Totinos.uasset: Failed to load '/Game/material/parent/M_Folga': Can't find file.
[2021.05.14-18.42.23:675][  0]LogUObjectGlobals: Warning: [AssetLog] D:\ue\App\Script\AssetsManagement\Template\Content\Game\Hotloadimport\material\M_Totinos.uasset: Failed to load '/Game/texture/T_Color_Totinos': Can't find file.
[2021.05.14-18.42.23:676][  0]LogUObjectGlobals: Warning: [AssetLog] D:\ue\App\Script\AssetsManagement\Template\Content\Game\Hotloadimport\material\M_Totinos.uasset: Failed to load '/Game/texture/T_Color_Totinos': Can't find file.
[2021.05.14-18.42.23:677][  0]LogUObjectGlobals: Warning: [AssetLog] D:\ue\App\Script\AssetsManagement\Template\Content\Game\Hotloadimport\material\M_Totinos.uasset: Failed to load '/Game/material/parent/M_Folga': Can't find file.
[2021.05.14-18.42.23:677][  0]LogUObjectGlobals: Warning: [AssetLog] D:\ue\App\Script\AssetsManagement\Template\Content\Game\Hotloadimport\material\M_Totinos.uasset: Failed to load '/Game/texture/T_Color_Totinos': Can't find file.
[2021.05.14-18.42.23:813][  0]LogMaterial: Display: Missing cached shader map for material M_Schawk, compiling.
[2021.05.14-18.42.23:820][  0]LogMaterial: Warning: [AssetLog] D:\ue\App\Script\AssetsManagement\Template\Content\Game\Hotloadimport\material\parent\M_Schawk.uasset: Failed to compile Material for platform PCD3D_SM5, Default Material will be used in game.
[2021.05.14-18.42.23:821][  0]LogMaterial: Display: 	(Node TextureSampleParameter2D) Param2D> Found NULL, requires Texture2D
[2021.05.14-18.42.23:824][  0]LogMaterial: Display: Missing cached shader map for material M_PLastic, compiling.
[2021.05.14-18.42.23:825][  0]LogMaterial: Warning: [AssetLog] D:\ue\App\Script\AssetsManagement\Template\Content\Game\Hotloadimport\material\parent\M_PLastic.uasset: Failed to compile Material for platform PCD3D_SM5, Default Material will be used in game.
[2021.05.14-18.42.23:825][  0]LogMaterial: Display: 	(Node TextureSampleParameter2D) Param2D> Found NULL, requires Texture2D
[2021.05.14-18.42.23:828][  0]LogMaterial: Display: Missing cached shader map for material M_Folga, compiling.
[2021.05.14-18.42.23:829][  0]LogMaterial: Warning: [AssetLog] D:\ue\App\Script\AssetsManagement\Template\Content\Game\Hotloadimport\material\parent\M_Folga.uasset: Failed to compile Material for platform PCD3D_SM5, Default Material will be used in game.
[2021.05.14-18.42.23:830][  0]LogMaterial: Display: 	(Node TextureSampleParameter2D) Param2D> Found NULL, requires Texture2D
[2021.05.14-18.42.24:062][  0]LogCook: Display: Cooked packages 255 Packages Remain 0 Total 255
[2021.05.14-18.42.24:062][  0]LogCook: Display: Cook Diagnostics: OpenFileHandles=258, VirtualMemory=1197MiB
[2021.05.14-18.42.24:063][  0]LogCook: Display: Finishing up...
[2021.05.14-18.42.25:049][  0]LogCook: Display: Saving BulkData manifest(s)...
[2021.05.14-18.42.25:050][  0]LogCook: Display: Done saving BulkData manifest(s)
[2021.05.14-18.42.25:061][  0]LogBlueprintCodeGen: Display: Nativization Summary - AnimBP:
[2021.05.14-18.42.25:061][  0]LogBlueprintCodeGen: Display: Name, Children, Non-empty Functions (Empty Functions), Variables, FunctionUsage, VariableUsage
[2021.05.14-18.42.25:061][  0]LogBlueprintCodeGen: Display: Nativization Summary - Shared Variables From Graph: 0
[2021.05.14-18.42.25:096][  0]LogAssetRegistryGenerator: Display: Looking for game openorder in dir D:/ue/App/Script/AssetsManagement/Template/Build/WindowsNoEditor/FileOpenOrder/GameOpenOrder.log
[2021.05.14-18.42.25:106][  0]LogAssetRegistryGenerator: Display: Saving asset registry.
[2021.05.14-18.42.25:119][  0]LogAssetRegistryGenerator: Display: Generated asset registry num assets 204, size is 93.19kb
[2021.05.14-18.42.25:119][  0]LogAssetRegistryGenerator: Display: Done saving asset registry.
[2021.05.14-18.42.25:141][  0]LogShaderLibrary: Display:
[2021.05.14-18.42.25:142][  0]LogShaderLibrary: Display: Shader Code Stats: PCD3D_SM5
[2021.05.14-18.42.25:142][  0]LogShaderLibrary: Display: =================
[2021.05.14-18.42.25:142][  0]LogShaderLibrary: Display: Unique Shaders: 4025, Total Shaders: 4579, Unique Shadermaps: 293
[2021.05.14-18.42.25:143][  0]LogShaderLibrary: Display: Unique Shaders Size: 9.15mb, Total Shader Size: 9.94mb
[2021.05.14-18.42.25:143][  0]LogShaderLibrary: Display: =================
[2021.05.14-18.42.25:144][  0]LogCook: Display: Cook by the book total time in tick 2.028157s total time 6.294317
[2021.05.14-18.42.25:144][  0]LogCook: Display: Peak Used virtual 1405 MiB Peak Used physical 1300 MiB
[2021.05.14-18.42.25:144][  0]LogCook: Display: Hierarchy Timer Information:
[2021.05.14-18.42.25:144][  0]LogCook: Display:   Root: 0.000s (0)
[2021.05.14-18.42.25:145][  0]LogCook: Display:     CleanSandbox: 0.022s (1)
[2021.05.14-18.42.25:145][  0]LogCook: Display:       ProcessingAccessedStrings: 0.004s (1)
[2021.05.14-18.42.25:145][  0]LogCook: Display:     CollectFilesToCook: 0.161s (1)
[2021.05.14-18.42.25:145][  0]LogCook: Display:       CookModificationDelegate: 0.000s (1)
[2021.05.14-18.42.25:146][  0]LogCook: Display:     GenerateLongPackageName: 0.000s (1)
[2021.05.14-18.42.25:146][  0]LogCook: Display:     TickCookOnTheSide: 2.028s (6047)
[2021.05.14-18.42.25:146][  0]LogCook: Display:       PostLoadPackageFixup: 0.003s (13431)
[2021.05.14-18.42.25:146][  0]LogCook: Display:       LoadPackageForCooking: 0.486s (255)
[2021.05.14-18.42.25:147][  0]LogCook: Display:       SavingPackages: 1.532s (6056)
[2021.05.14-18.42.25:147][  0]LogCook: Display:         BeginPackageCacheForCookedPlatformData: 0.014s (31)
[2021.05.14-18.42.25:147][  0]LogCook: Display:         PrecachePlatformDataForNextPackage: 0.821s (254)
[2021.05.14-18.42.25:147][  0]LogCook: Display:           BeginPackageCacheForCookedPlatformData: 0.820s (224)
[2021.05.14-18.42.25:148][  0]LogCook: Display:         SaveCookedPackage: 0.618s (255)
[2021.05.14-18.42.25:148][  0]LogCook: Display:           GEditorSavePackage: 0.610s (206)
[2021.05.14-18.42.25:148][  0]LogCook: Display:             ConvertingBlueprints: 0.005s (206)
[2021.05.14-18.42.25:148][  0]LogCook: Display:             VerifyCanCookPackage: 0.001s (204)
[2021.05.14-18.42.25:148][  0]LogCook: Display:         ClearAllCachedCookedPlatformData: 0.005s (255)
[2021.05.14-18.42.25:149][  0]LogCook: Display:     FinalizePackageStore: 0.001s (1)
[2021.05.14-18.42.25:149][  0]LogCook: Display:     GeneratingBlueprintAssets: 0.012s (1)
[2021.05.14-18.42.25:149][  0]LogCook: Display:     SavingCurrentIniSettings: 0.018s (1)
[2021.05.14-18.42.25:149][  0]LogCook: Display:       ProcessingAccessedStrings: 0.004s (1)
[2021.05.14-18.42.25:149][  0]LogCook: Display:     SavingAssetRegistry: 0.060s (1)
[2021.05.14-18.42.25:150][  0]LogCook: Display:       BuildChunkManifest: 0.010s (1)
[2021.05.14-18.42.25:150][  0]LogCook: Display:       SaveManifests: 0.016s (1)
[2021.05.14-18.42.25:150][  0]LogCook: Display:       SaveRealAssetRegistry: 0.013s (1)
[2021.05.14-18.42.25:150][  0]LogCook: Display:       WriteCookerOpenOrder: 0.002s (1)
[2021.05.14-18.42.25:151][  0]LogCook: Display: Done!
[2021.05.14-18.42.25:152][  0]LogSavePackage: Warning: /DatasmithContent/Materials/C4DMaster imported Serialize:/Engine/EditorLandscapeResources/WhiteSquareTexture, but it was never saved as an export.
[2021.05.14-18.42.25:152][  0]LogSavePackage: Warning: /DatasmithContent/Materials/C4DMaster imported Serialize:/Engine/EditorLandscapeResources/WhiteSquareTexture.WhiteSquareTexture, but it was never saved as an export.
[2021.05.14-18.42.25:153][  0]LogSavePackage: Display: Took 0.002307s to verify the EDL loading graph.
[2021.05.14-18.42.25:165][  0]LogCookCommandlet: Display: Misc Cook Stats
[2021.05.14-18.42.25:165][  0]LogCookCommandlet: Display: ===============
[2021.05.14-18.42.25:165][  0]LogCookCommandlet: Display: NiagaraShader.Misc
[2021.05.14-18.42.25:165][  0]LogCookCommandlet: Display:     ShadersCompiled=0
[2021.05.14-18.42.25:165][  0]LogCookCommandlet: Display: ShaderCompiler
[2021.05.14-18.42.25:166][  0]LogCookCommandlet: Display:     BlockingTimeSec=0.000003
[2021.05.14-18.42.25:166][  0]LogCookCommandlet: Display:     AsyncCompileTimeSec=0.000000
[2021.05.14-18.42.25:166][  0]LogCookCommandlet: Display:     GlobalBeginCompileShaderTimeSec=0.000000
[2021.05.14-18.42.25:166][  0]LogCookCommandlet: Display:     GlobalBeginCompileShaderCalls=0
[2021.05.14-18.42.25:167][  0]LogCookCommandlet: Display:     ProcessAsyncResultsTimeSec=0.002175
[2021.05.14-18.42.25:167][  0]LogCookCommandlet: Display: GlobalShader.Misc
[2021.05.14-18.42.25:167][  0]LogCookCommandlet: Display:     ShadersCompiled=0
[2021.05.14-18.42.25:167][  0]LogCookCommandlet: Display: MeshMaterial.Misc
[2021.05.14-18.42.25:167][  0]LogCookCommandlet: Display:     ShadersCompiled=0
[2021.05.14-18.42.25:168][  0]LogCookCommandlet: Display: MaterialShader.Misc
[2021.05.14-18.42.25:168][  0]LogCookCommandlet: Display:     ShadersCompiled=0
[2021.05.14-18.42.25:168][  0]LogCookCommandlet: Display: Package.Load
[2021.05.14-18.42.25:168][  0]LogCookCommandlet: Display:     NumPreloadedDependencies=14
[2021.05.14-18.42.25:168][  0]LogCookCommandlet: Display:     NumInlineLoads=6
[2021.05.14-18.42.25:169][  0]LogCookCommandlet: Display:     NumPackagesLoaded=173
[2021.05.14-18.42.25:169][  0]LogCookCommandlet: Display:     LoadPackageTimeSec=0.920264
[2021.05.14-18.42.25:169][  0]LogCookCommandlet: Display: CookOnTheFlyServer
[2021.05.14-18.42.25:169][  0]LogCookCommandlet: Display:     PeakRequestQueueSize=39
[2021.05.14-18.42.25:169][  0]LogCookCommandlet: Display:     PeakLoadQueueSize=207
[2021.05.14-18.42.25:170][  0]LogCookCommandlet: Display:     PeakSaveQueueSize=199
[2021.05.14-18.42.25:170][  0]LogCookCommandlet: Display: Package.Save
[2021.05.14-18.42.25:170][  0]LogCookCommandlet: Display:     NumPackagesSaved=206
[2021.05.14-18.42.25:170][  0]LogCookCommandlet: Display:     SavePackageTimeSec=0.596221
[2021.05.14-18.42.25:171][  0]LogCookCommandlet: Display:     TagPackageExportsPresaveTimeSec=0.042084
[2021.05.14-18.42.25:171][  0]LogCookCommandlet: Display:     TagPackageExportsTimeSec=0.014250
[2021.05.14-18.42.25:171][  0]LogCookCommandlet: Display:     FullyLoadLoadersTimeSec=0.000135
[2021.05.14-18.42.25:171][  0]LogCookCommandlet: Display:     ResetLoadersTimeSec=0.001033
[2021.05.14-18.42.25:172][  0]LogCookCommandlet: Display:     TagPackageExportsGetObjectsWithOuter=0.001712
[2021.05.14-18.42.25:172][  0]LogCookCommandlet: Display:     TagPackageExportsGetObjectsWithMarks=0.000179
[2021.05.14-18.42.25:172][  0]LogCookCommandlet: Display:     SerializeImportsTimeSec=0.000000
[2021.05.14-18.42.25:173][  0]LogCookCommandlet: Display:     SortExportsSeekfreeInnerTimeSec=0.082931
[2021.05.14-18.42.25:173][  0]LogCookCommandlet: Display:     SerializeExportsTimeSec=0.348520
[2021.05.14-18.42.25:173][  0]LogCookCommandlet: Display:     SerializeBulkDataTimeSec=0.006309
[2021.05.14-18.42.25:173][  0]LogCookCommandlet: Display:     AsyncWriteTimeSec=0.000000
[2021.05.14-18.42.25:173][  0]LogCookCommandlet: Display:     MBWritten=341.703124
[2021.05.14-18.42.25:174][  0]LogCookCommandlet: Display: Package.DifferentPackagesSizeMBPerAsset
[2021.05.14-18.42.25:174][  0]LogCookCommandlet: Display: Package.NumberOfDifferencesInPackagesPerAsset
[2021.05.14-18.42.25:174][  0]LogCookCommandlet: Display: Package.PackageDifferencesSizeMBPerAsset
[2021.05.14-18.42.25:174][  0]LogCookCommandlet: Display: Package.DiffTotal
[2021.05.14-18.42.25:175][  0]LogCookCommandlet: Display:     NumberOfDifferentPackages=0
[2021.05.14-18.42.25:175][  0]LogCookCommandlet: Display:     DifferentPackagesSizeMB=0.000000
[2021.05.14-18.42.25:175][  0]LogCookCommandlet: Display:     NumberOfDifferencesInPackages=0
[2021.05.14-18.42.25:175][  0]LogCookCommandlet: Display:     PackageDifferencesSizeMB=0.000000
[2021.05.14-18.42.25:175][  0]LogCookCommandlet: Display: UnversionedProperties
[2021.05.14-18.42.25:176][  0]LogCookCommandlet: Display:     SavedStructs=0
[2021.05.14-18.42.25:176][  0]LogCookCommandlet: Display:     SavedMB=0
[2021.05.14-18.42.25:176][  0]LogCookCommandlet: Display:     EquivalentTaggedMB=0
[2021.05.14-18.42.25:176][  0]LogCookCommandlet: Display:     CompressionRatio=-nan(ind)
[2021.05.14-18.42.25:176][  0]LogCookCommandlet: Display:     BitfieldWasteKB=0
[2021.05.14-18.42.25:177][  0]LogCookCommandlet: Display:
[2021.05.14-18.42.25:177][  0]LogCookCommandlet: Display: Cook Profile
[2021.05.14-18.42.25:177][  0]LogCookCommandlet: Display: ============
[2021.05.14-18.42.25:177][  0]LogCookCommandlet: Display:  0.CookWallTimeSec=13.605236
[2021.05.14-18.42.25:178][  0]LogCookCommandlet: Display:  0. 0.StartupWallTimeSec=7.294003
[2021.05.14-18.42.25:178][  0]LogCookCommandlet: Display:  0. 1.CookByTheBookTimeSec=6.306722
[2021.05.14-18.42.25:178][  0]LogCookCommandlet: Display:  0. 1. 0.StartCookByTheBookTimeSec=3.037730
[2021.05.14-18.42.25:178][  0]LogCookCommandlet: Display:  0. 1. 0. 0.GameCookModificationDelegateTimeSec=0.000016
[2021.05.14-18.42.25:179][  0]LogCookCommandlet: Display:  0. 1. 1.TickCookOnTheSideTimeSec=3.117509
[2021.05.14-18.42.25:179][  0]LogCookCommandlet: Display:  0. 1. 1. 0.TickCookOnTheSideLoadPackagesTimeSec=0.485793
[2021.05.14-18.42.25:179][  0]LogCookCommandlet: Display:  0. 1. 1. 1.TickCookOnTheSideSaveCookedPackageTimeSec=0.618244
[2021.05.14-18.42.25:179][  0]LogCookCommandlet: Display:  0. 1. 1. 1. 0.TickCookOnTheSideResolveRedirectorsTimeSec=0.000000
[2021.05.14-18.42.25:180][  0]LogCookCommandlet: Display:  0. 1. 1. 2.TickCookOnTheSideBeginPackageCacheForCookedPlatformDataTimeSec=0.834246
[2021.05.14-18.42.25:180][  0]LogCookCommandlet: Display:  0. 1. 1. 3.TickCookOnTheSideFinishPackageCacheForCookedPlatformDataTimeSec=0.000000
[2021.05.14-18.42.25:180][  0]LogCookCommandlet: Display:  0. 1. 2.TickLoopGCTimeSec=0.000000
[2021.05.14-18.42.25:180][  0]LogCookCommandlet: Display:  0. 1. 3.TickLoopRecompileShaderRequestsTimeSec=0.037939
[2021.05.14-18.42.25:181][  0]LogCookCommandlet: Display:  0. 1. 4.TickLoopShaderProcessAsyncResultsTimeSec=0.001055
[2021.05.14-18.42.25:181][  0]LogCookCommandlet: Display:  0. 1. 5.TickLoopProcessDeferredCommandsTimeSec=0.002597
[2021.05.14-18.42.25:181][  0]LogCookCommandlet: Display:  0. 1. 6.TickLoopTickCommandletStatsTimeSec=0.000434
[2021.05.14-18.42.25:182][  0]LogCookCommandlet: Display:
[2021.05.14-18.42.25:182][  0]LogCookCommandlet: Display: DDC Summary Stats
[2021.05.14-18.42.25:182][  0]LogCookCommandlet: Display: =================
[2021.05.14-18.42.25:183][  0]LogCookCommandlet: Display: TotalGetHits    =       557
[2021.05.14-18.42.25:183][  0]LogCookCommandlet: Display: TotalGets       =       560
[2021.05.14-18.42.25:183][  0]LogCookCommandlet: Display: TotalGetHitPct  =  0.994643
[2021.05.14-18.42.25:183][  0]LogCookCommandlet: Display: LocalGetHitPct  =  0.498214
[2021.05.14-18.42.25:183][  0]LogCookCommandlet: Display: SharedGetHitPct =  0.000000
[2021.05.14-18.42.25:184][  0]LogCookCommandlet: Display: OtherGetHitPct  =  0.496429
[2021.05.14-18.42.25:184][  0]LogCookCommandlet: Display: GetMissPct      =  0.005357
[2021.05.14-18.42.25:184][  0]LogCookCommandlet: Display: TotalPutHits    =         0
[2021.05.14-18.42.25:184][  0]LogCookCommandlet: Display: TotalPuts       =         0
[2021.05.14-18.42.25:184][  0]LogCookCommandlet: Display: TotalPutHitPct  =  0.000000
[2021.05.14-18.42.25:184][  0]LogCookCommandlet: Display: PutMissPct      =  0.000000
[2021.05.14-18.42.25:185][  0]LogCookCommandlet: Display:
[2021.05.14-18.42.25:185][  0]LogCookCommandlet: Display: DDC Resource Stats
[2021.05.14-18.42.25:185][  0]LogCookCommandlet: Display: =======================================================================================================
[2021.05.14-18.42.25:185][  0]LogCookCommandlet: Display: Asset Type                          Total Time (Sec)  GameThread Time (Sec)  Assets Built  MB Processed
[2021.05.14-18.42.25:186][  0]LogCookCommandlet: Display: ----------------------------------  ----------------  ---------------------  ------------  ------------
[2021.05.14-18.42.25:186][  0]LogCookCommandlet: Display: PhysX (BodySetup)                               0.50                   0.50             0         23.90
[2021.05.14-18.42.25:187][  0]LogCookCommandlet: Display: StaticMesh                                      0.39                   0.39             0         94.55
[2021.05.14-18.42.25:187][  0]LogCookCommandlet: Display: MaterialShader                                  0.25                   0.25             0          7.11
[2021.05.14-18.42.25:187][  0]LogCookCommandlet: Display: Texture (Streaming)                             0.14                   0.00             0         14.59
[2021.05.14-18.42.25:188][  0]LogCookCommandlet: Display: GlobalShader                                    0.02                   0.02             0          6.90
[2021.05.14-18.42.25:188][  0]LogCookCommandlet: Display: NavCollision                                    0.00                   0.00             0          0.02
[2021.05.14-18.42.25:188][  0]LogCookCommandlet: Display: Texture (Inline)                                0.00                   0.00             0        239.61
[2021.05.14-18.42.25:189][  0]LogCookCommandlet: Display: DistanceField                                   0.00                   0.00             0          0.00
[2021.05.14-18.42.25:189][  0]LogInit: Display:
[2021.05.14-18.42.25:189][  0]LogInit: Display: Warning/Error Summary (Unique only)
[2021.05.14-18.42.25:189][  0]LogInit: Display: -----------------------------------
[2021.05.14-18.42.25:191][  0]LogInit: Display: LogLuminAPIImpl: Warning: MLSDK not found.  This likely means the MLSDK environment variable is not set.
[2021.05.14-18.42.25:191][  0]LogInit: Display: LogCook: Warning: Unable to find package for cooking /Game/Import/AutomatedImport
[2021.05.14-18.42.25:191][  0]LogInit: Display: LogUObjectGlobals: Warning: [AssetLog] D:\ue\App\Script\AssetsManagement\Template\Content\Game\Hotloadimport\material\parent\M_Schawk.uasset: Failed to load '/Game/texture/T_Color_fruzinga': Can't find file.
[2021.05.14-18.42.25:192][  0]LogInit: Display: LogUObjectGlobals: Warning: [AssetLog] D:\ue\App\Script\AssetsManagement\Template\Content\Game\Hotloadimport\material\parent\M_PLastic.uasset: Failed to load '/Game/texture/T_Color_fruzinga': Can't find file.
[2021.05.14-18.42.25:193][  0]LogInit: Display: LogUObjectGlobals: Warning: [AssetLog] D:\ue\App\Script\AssetsManagement\Template\Content\Game\Hotloadimport\material\parent\M_Folga.uasset: Failed to load '/Game/texture/T_Color_Totinos': Can't find file.
[2021.05.14-18.42.25:193][  0]LogInit: Display: LogUObjectGlobals: Warning: [AssetLog] D:\ue\App\Script\AssetsManagement\Template\Content\Game\Hotloadimport\material\M_Totinos.uasset: Failed to load '/Game/material/parent/M_Folga': Can't find file.
[2021.05.14-18.42.25:194][  0]LogInit: Display: LogUObjectGlobals: Warning: [AssetLog] D:\ue\App\Script\AssetsManagement\Template\Content\Game\Hotloadimport\material\M_Totinos.uasset: Failed to load '/Game/texture/T_Color_Totinos': Can't find file.
[2021.05.14-18.42.25:194][  0]LogInit: Display: LogMaterial: Warning: [AssetLog] D:\ue\App\Script\AssetsManagement\Template\Content\Game\Hotloadimport\material\parent\M_Schawk.uasset: Failed to compile Material for platform PCD3D_SM5, Default Material will be used in game.
[2021.05.14-18.42.25:195][  0]LogInit: Display: LogMaterial: Warning: [AssetLog] D:\ue\App\Script\AssetsManagement\Template\Content\Game\Hotloadimport\material\parent\M_PLastic.uasset: Failed to compile Material for platform PCD3D_SM5, Default Material will be used in game.
[2021.05.14-18.42.25:196][  0]LogInit: Display: LogMaterial: Warning: [AssetLog] D:\ue\App\Script\AssetsManagement\Template\Content\Game\Hotloadimport\material\parent\M_Folga.uasset: Failed to compile Material for platform PCD3D_SM5, Default Material will be used in game.
[2021.05.14-18.42.25:196][  0]LogInit: Display: LogSavePackage: Warning: /DatasmithContent/Materials/C4DMaster imported Serialize:/Engine/EditorLandscapeResources/WhiteSquareTexture, but it was never saved as an export.
[2021.05.14-18.42.25:197][  0]LogInit: Display: LogSavePackage: Warning: /DatasmithContent/Materials/C4DMaster imported Serialize:/Engine/EditorLandscapeResources/WhiteSquareTexture.WhiteSquareTexture, but it was never saved as an export.
[2021.05.14-18.42.25:197][  0]LogInit: Display:
[2021.05.14-18.42.25:197][  0]LogInit: Display: Success - 0 error(s), 31 warning(s)
[2021.05.14-18.42.25:198][  0]LogInit: Display:
Execution of commandlet took:  6.35 seconds
[2021.05.14-18.42.25:367][  0]LogShaderCompilers: Display: Shaders left to compile 0
[2021.05.14-18.42.25:519][  0]LogHttp: Display: cleaning up 0 outstanding Http requests.
[2021.05.14-18.42.25:756][  0]LogContentStreaming: Display: There are 1 unreleased StreamingManagers
Finish cooking assets
Moving assets to destination folders
pak D:/ue/App/Script/AssetsManagement/Template/Saved/Cooked/WindowsNoEditor/Template/Content inside d:/temp/AutomatedImport/test_asset.pak
D:/Program Files/Epic Games/UE_4.26/Engine/Binaries/Win64/UnrealPak.exe d:/temp/AutomatedImport/test_asset.pak -Create=D:/ue/App/Script/AssetsManagement/Template/Saved/Cooked/WindowsNoEditor/Template/Content -compress
LogPakFile: Display: Using command line for crypto configuration
LogPakFile: Display: Added 30 entries to add to pak file.
LogPakFile: Display: Collecting files to add to pak file...
LogPakFile: Display: Collected 30 files in 0.00s.
LogPakFile: Display: Creating pak d:/temp/AutomatedImport/test_asset.pak.
LogDerivedDataCache: Display: Pak cache opened for reading ../../../Engine/DerivedDataCache/Compressed.ddp.
LogDerivedDataCache: Display: Performance to C:/Users/Ivan/AppData/Local/UnrealEngine/Common/DerivedDataCache: Latency=0.00ms. RandomReadSpeed=999.00MBs, RandomWriteSpeed=999.00MBs. Assigned SpeedClass 'Local'
LogPakFile: Display: Added 30 files, 35030479 bytes total, time 1.10s.
LogPakFile: Display: PrimaryIndex size: 7266 bytes
LogPakFile: Display: PathHashIndex size: 368 bytes
LogPakFile: Display: FullDirectoryIndex size: 1095 bytes
LogPakFile: Display: Compression summary: 32.40% of original size. Compressed Size 34992983 bytes, Original Size 108010009 bytes.
LogPakFile: Display: Used compression formats (in priority order) 'Zlib, '
LogPakFile: Display: Encryption - DISABLED
LogPakFile: Display: Unreal pak executed in 1.104661 seconds
Failed packing assets
D:/ue/App/Script/AssetsManagement/Template/content//Game/Hotloadimport
d:/temp/AutomatedImport/editor/content
Finish moving assets
received "WAITING_FOR_STATUSES|"
received unknown payload
received "KILL_SERVER|"
stop server 
